Arguments: 
  C:\Users\qkstj\scoop\apps\nodejs-lts\current\node.exe C:\Users\qkstj\scoop\apps\nodejs-lts\current\bin\node_modules\yarn\bin\yarn.js init

PATH: 
  C:\Users\qkstj\bin;C:\Program Files\Git\mingw64\bin;C:\Program Files\Git\usr\local\bin;C:\Program Files\Git\usr\bin;C:\Program Files\Git\usr\bin;C:\Program Files\Git\mingw64\bin;C:\Program Files\Git\usr\bin;C:\Users\qkstj\bin;C:\Users\qkstj\OneDrive\Documents\WindowsPowerShell\Modules\oh-my-posh;C:\Windows\system32;C:\Windows;C:\Windows\System32\Wbem;C:\Windows\System32\WindowsPowerShell\v1.0;C:\Windows\System32\OpenSSH;C:\Program Files\Git\cmd;C:\Program Files\Docker\Docker\resources\bin;C:\ProgramData\DockerDesktop\version-bin;C:\Users\qkstj\scoop\apps\nodejs-lts\current\bin;C:\Users\qkstj\scoop\apps\nodejs-lts\current;C:\Users\qkstj\scoop\apps\python\current\Scripts;C:\Users\qkstj\scoop\apps\python\current;C:\Users\qkstj\scoop\apps\openjdk11\current\bin;C:\Users\qkstj\scoop\shims;C:\Users\qkstj\AppData\Local\Microsoft\WindowsApps;C:\Users\qkstj\AppData\Local\gitkraken\bin;C:\Users\qkstj\AppData\Local\Programs\Microsoft VS Code\bin;C:\Program Files\Bandizip;C:\Program Files\Git\usr\bin\vendor_perl;C:\Program Files\Git\usr\bin\core_perl

Yarn version: 
  1.22.17

Node version: 
  16.13.1

Platform: 
  win32 x64

Trace: 
  Error: canceled
      at Interface.<anonymous> (C:\Users\qkstj\scoop\persist\nodejs-lts\bin\node_modules\yarn\lib\cli.js:137143:13)
      at Interface.emit (node:events:390:28)
      at Interface._ttyWrite (node:readline:1081:16)
      at ReadStream.onkeypress (node:readline:288:10)
      at ReadStream.emit (node:events:390:28)
      at emitKeys (node:internal/readline/utils:358:14)
      at emitKeys.next (<anonymous>)
      at ReadStream.onData (node:internal/readline/emitKeypressEvents:61:36)
      at ReadStream.emit (node:events:390:28)
      at addChunk (node:internal/streams/readable:315:12)

npm manifest: 
  {
    "name": "electron-app",
    "version": "1.0.0",
    "description": "A minimal Electron application",
    "main": "main.js",
    "scripts": {
      "start": "electron ."
    },
    "repository": "https://github.com/jpark6/electron-app",
    "keywords": [
      "Electron",
      "quick",
      "start",
      "tutorial",
      "demo"
    ],
    "author": "GitHub",
    "license": "CC0-1.0",
    "devDependencies": {
      "electron": "^16.0.5"
    }
  }

yarn manifest: 
  No manifest

Lockfile: 
  No lockfile
